<?xml version="1.0" encoding="UTF-8"?>
<!-- Generated by org.testng.reporters.JUnitXMLReporter -->
<testsuite ignored="1" hostname="LAPTOP-JKRBLPFM" failures="0" tests="1" name="Default test" time="0.746" errors="0" timestamp="11 Oct 2021 06:17:37 GMT">
  <testcase classname="day2.GitHub" name="createRepositories" time="0.155"/>
  <testcase classname="day2.GitHub" name="gettingAllRepositories" time="0.0">
    <ignored/>
  </testcase> <!-- gettingAllRepositories -->
</testsuite> <!-- Default test -->
