<?xml version="1.0" encoding="UTF-8"?>
<!-- Generated by org.testng.reporters.JUnitXMLReporter -->
<testsuite ignored="2" hostname="LAPTOP-JKRBLPFM" failures="0" tests="1" name="Default test" time="3.131" errors="0" timestamp="08 Oct 2021 07:15:23 GMT">
  <testcase classname="day2.NegativeTesting" name="addingInvalidCharacter" time="3.096"/>
  <testcase classname="day2.NegativeTesting" name="addingContactMissingParameter" time="0.0">
    <ignored/>
  </testcase> <!-- addingContactMissingParameter -->
  <testcase classname="day2.NegativeTesting" name="addingTooManyCharacter" time="0.0">
    <ignored/>
  </testcase> <!-- addingTooManyCharacter -->
</testsuite> <!-- Default test -->
