<?xml version="1.0" encoding="UTF-8"?>
<testng-results ignored="0" total="1" passed="1" failed="0" skipped="0">
  <reporter-output>
  </reporter-output>
  <suite started-at="2021-10-08T09:12:56Z" name="Default suite" finished-at="2021-10-08T09:12:59Z" duration-ms="3380">
    <groups>
    </groups>
    <test started-at="2021-10-08T09:12:56Z" name="Default test" finished-at="2021-10-08T09:12:59Z" duration-ms="3380">
      <class name="day2.GitHub22">
        <test-method signature="gettingAllRepoitories()[pri:0, instance:day2.GitHub22@258d79be]" started-at="2021-10-08T09:12:56Z" name="gettingAllRepoitories" finished-at="2021-10-08T09:12:59Z" duration-ms="3352" status="PASS">
          <reporter-output>
          </reporter-output>
        </test-method> <!-- gettingAllRepoitories -->
      </class> <!-- day2.GitHub22 -->
    </test> <!-- Default test -->
  </suite> <!-- Default suite -->
</testng-results>
